
> @jsb-ignite-ui/docs@1.0.0 build
> storybook build

@storybook/cli v7.0.11

info => Cleaning outputDir: /storybook-static
info => Loading presets
WARN The "@storybook/addon-mdx-gfm" addon is meant as a migration assistant for Storybook 7.0; and will likely be removed in a future version.
WARN It's recommended you read this document:
WARN https://storybook.js.org/docs/react/writing-docs/mdx#lack-of-github-flavored-markdown-gfm
WARN 
WARN Once you've made the necessary changes, you can remove the addon from your package.json and storybook config.
info => Building manager..
info => Manager built (543 ms)
info => Copying static files: /home/runner/work/ignite_designsystem/ignite_designsystem/node_modules/@storybook/manager/static at /home/runner/work/ignite_designsystem/ignite_designsystem/packages/docs/storybook-static/sb-common-assets
[36mvite v4.3.5 [32mbuilding for production...[36m[39m

./sb-common-assets/fonts.css doesn't exist at build time, it will remain unchanged to be resolved at runtime
transforming...
Use of eval in "../../node_modules/telejson/dist/index.mjs" is strongly discouraged as it poses security risks and may cause issues with minification.
Use of eval in "../../node_modules/telejson/dist/index.mjs" is strongly discouraged as it poses security risks and may cause issues with minification.
[32m✓[39m 1652 modules transformed.
rendering chunks...
computing gzip size...
[2mstorybook-static/[22m[32miframe.html                                         [39m[1m[2m 13.08 kB[22m[1m[22m[2m │ gzip:   3.69 kB[22m
[2mstorybook-static/[22m[2massets/[22m[35mTokensGrid-e0415946.css                      [39m[1m[2m  0.45 kB[22m[1m[22m[2m │ gzip:   0.23 kB[22m
[2mstorybook-static/[22m[2massets/[22m[36mindex-d475d2ea.js                            [39m[1m[2m  0.21 kB[22m[1m[22m[2m │ gzip:   0.17 kB[22m[2m │ map:     0.78 kB[22m
[2mstorybook-static/[22m[2massets/[22m[36mindex-f94c9169.js                            [39m[1m[2m  0.25 kB[22m[1m[22m[2m │ gzip:   0.20 kB[22m[2m │ map:     0.10 kB[22m
[2mstorybook-static/[22m[2massets/[22m[36mpreview-ce5c237f.js                          [39m[1m[2m  0.28 kB[22m[1m[22m[2m │ gzip:   0.25 kB[22m[2m │ map:     0.55 kB[22m
[2mstorybook-static/[22m[2massets/[22m[36mextends-98964cd2.js                          [39m[1m[2m  0.29 kB[22m[1m[22m[2m │ gzip:   0.23 kB[22m[2m │ map:     0.94 kB[22m
[2mstorybook-static/[22m[2massets/[22m[36mDocsRenderer-EYKKDMVH-039512b8.js            [39m[1m[2m  0.47 kB[22m[1m[22m[2m │ gzip:   0.29 kB[22m[2m │ map:     0.11 kB[22m
[2mstorybook-static/[22m[2massets/[22m[36mWithTooltip-FBT32F6Q-050e2347.js             [39m[1m[2m  0.50 kB[22m[1m[22m[2m │ gzip:   0.30 kB[22m[2m │ map:     0.11 kB[22m
[2mstorybook-static/[22m[2massets/[22m[36msyntaxhighlighter-QTQ2UBB4-2326d4e2.js       [39m[1m[2m  0.52 kB[22m[1m[22m[2m │ gzip:   0.33 kB[22m[2m │ map:     0.12 kB[22m
[2mstorybook-static/[22m[2massets/[22m[36mindex-017fee0f.js                            [39m[1m[2m  0.52 kB[22m[1m[22m[2m │ gzip:   0.34 kB[22m[2m │ map:     4.30 kB[22m
[2mstorybook-static/[22m[2massets/[22m[36mBox.stories-5ba244f9.js                      [39m[1m[2m  0.61 kB[22m[1m[22m[2m │ gzip:   0.39 kB[22m[2m │ map:     0.10 kB[22m
[2mstorybook-static/[22m[2massets/[22m[36mpreview-23081237.js                          [39m[1m[2m  0.62 kB[22m[1m[22m[2m │ gzip:   0.37 kB[22m[2m │ map:     0.51 kB[22m
[2mstorybook-static/[22m[2massets/[22m[36mpreview-5ef354f3.js                          [39m[1m[2m  0.69 kB[22m[1m[22m[2m │ gzip:   0.49 kB[22m[2m │ map:     3.75 kB[22m
[2mstorybook-static/[22m[2massets/[22m[36mCheckbox.stories-af04c194.js                 [39m[1m[2m  0.69 kB[22m[1m[22m[2m │ gzip:   0.45 kB[22m[2m │ map:     0.11 kB[22m
[2mstorybook-static/[22m[2massets/[22m[36m_commonjsHelpers-042e6b4d.js                 [39m[1m[2m  0.78 kB[22m[1m[22m[2m │ gzip:   0.44 kB[22m[2m │ map:     0.11 kB[22m
[2mstorybook-static/[22m[2massets/[22m[36mindex-356e4a49.js                            [39m[1m[2m  0.81 kB[22m[1m[22m[2m │ gzip:   0.51 kB[22m[2m │ map:     3.21 kB[22m
[2mstorybook-static/[22m[2massets/[22m[36mTokensGrid-7a533e8f.js                       [39m[1m[2m  0.83 kB[22m[1m[22m[2m │ gzip:   0.45 kB[22m[2m │ map:     1.63 kB[22m
[2mstorybook-static/[22m[2massets/[22m[36mpreview-b1164a2e.js                          [39m[1m[2m  0.88 kB[22m[1m[22m[2m │ gzip:   0.58 kB[22m[2m │ map:     2.79 kB[22m
[2mstorybook-static/[22m[2massets/[22m[36mAvatar.stories-364aae32.js                   [39m[1m[2m  0.89 kB[22m[1m[22m[2m │ gzip:   0.49 kB[22m[2m │ map:     0.11 kB[22m
[2mstorybook-static/[22m[2massets/[22m[36mMultiStep.stories-fd85787f.js                [39m[1m[2m  0.93 kB[22m[1m[22m[2m │ gzip:   0.50 kB[22m[2m │ map:     0.12 kB[22m
[2mstorybook-static/[22m[2massets/[22m[36mindex-868dec5b.js                            [39m[1m[2m  0.93 kB[22m[1m[22m[2m │ gzip:   0.51 kB[22m[2m │ map:     2.52 kB[22m
[2mstorybook-static/[22m[2massets/[22m[36mpreview-433ccfae.js                          [39m[1m[2m  1.05 kB[22m[1m[22m[2m │ gzip:   0.68 kB[22m[2m │ map:     3.14 kB[22m
[2mstorybook-static/[22m[2massets/[22m[36mTextArea.stories-0f5eb008.js                 [39m[1m[2m  1.06 kB[22m[1m[22m[2m │ gzip:   0.56 kB[22m[2m │ map:     0.12 kB[22m
[2mstorybook-static/[22m[2massets/[22m[36mhome.stories-70373192.js                     [39m[1m[2m  1.11 kB[22m[1m[22m[2m │ gzip:   0.62 kB[22m[2m │ map:     1.25 kB[22m
[2mstorybook-static/[22m[2massets/[22m[36mradii.stories-3ffdf1ae.js                    [39m[1m[2m  1.17 kB[22m[1m[22m[2m │ gzip:   0.63 kB[22m[2m │ map:     1.37 kB[22m
[2mstorybook-static/[22m[2massets/[22m[36mspace.stories-650f4229.js                    [39m[1m[2m  1.18 kB[22m[1m[22m[2m │ gzip:   0.64 kB[22m[2m │ map:     1.40 kB[22m
[2mstorybook-static/[22m[2massets/[22m[36mfonts.stories-0fc06829.js                    [39m[1m[2m  1.20 kB[22m[1m[22m[2m │ gzip:   0.64 kB[22m[2m │ map:     1.39 kB[22m
[2mstorybook-static/[22m[2massets/[22m[36mline-height.stories-91fabf67.js              [39m[1m[2m  1.20 kB[22m[1m[22m[2m │ gzip:   0.64 kB[22m[2m │ map:     1.42 kB[22m
[2mstorybook-static/[22m[2massets/[22m[36mText.stories-12e39c4f.js                     [39m[1m[2m  1.20 kB[22m[1m[22m[2m │ gzip:   0.65 kB[22m[2m │ map:     0.11 kB[22m
[2mstorybook-static/[22m[2massets/[22m[36mfont-sizes.stories-04638140.js               [39m[1m[2m  1.21 kB[22m[1m[22m[2m │ gzip:   0.65 kB[22m[2m │ map:     1.43 kB[22m
[2mstorybook-static/[22m[2massets/[22m[36mHeading.stories-d26ab077.js                  [39m[1m[2m  1.25 kB[22m[1m[22m[2m │ gzip:   0.63 kB[22m[2m │ map:     0.12 kB[22m
[2mstorybook-static/[22m[2massets/[22m[36mfont-weights.stories-5888ec85.js             [39m[1m[2m  1.27 kB[22m[1m[22m[2m │ gzip:   0.67 kB[22m[2m │ map:     1.53 kB[22m
[2mstorybook-static/[22m[2massets/[22m[36mTextInput.stories-22baa9f4.js                [39m[1m[2m  1.38 kB[22m[1m[22m[2m │ gzip:   0.64 kB[22m[2m │ map:     0.12 kB[22m
[2mstorybook-static/[22m[2massets/[22m[36mcolors.stories-53d38025.js                   [39m[1m[2m  1.50 kB[22m[1m[22m[2m │ gzip:   0.83 kB[22m[2m │ map:     2.61 kB[22m
[2mstorybook-static/[22m[2massets/[22m[36mpreview-a60aa466.js                          [39m[1m[2m  2.40 kB[22m[1m[22m[2m │ gzip:   1.25 kB[22m[2m │ map:    10.67 kB[22m
[2mstorybook-static/[22m[2massets/[22m[36mindex-d37d4223.js                            [39m[1m[2m  2.63 kB[22m[1m[22m[2m │ gzip:   1.30 kB[22m[2m │ map:     7.42 kB[22m
[2mstorybook-static/[22m[2massets/[22m[36mpreview-770cc08b.js                          [39m[1m[2m  3.22 kB[22m[1m[22m[2m │ gzip:   1.39 kB[22m[2m │ map:     9.94 kB[22m
[2mstorybook-static/[22m[2massets/[22m[36mButton.stories-48ae2d5b.js                   [39m[1m[2m  4.36 kB[22m[1m[22m[2m │ gzip:   1.28 kB[22m[2m │ map:     6.29 kB[22m
[2mstorybook-static/[22m[2massets/[22m[36mpreview-d8c963a4.js                          [39m[1m[2m  7.67 kB[22m[1m[22m[2m │ gzip:   1.60 kB[22m[2m │ map:    13.60 kB[22m
[2mstorybook-static/[22m[2massets/[22m[36mpreview-2cd4e1a1.js                          [39m[1m[2m  8.00 kB[22m[1m[22m[2m │ gzip:   3.04 kB[22m[2m │ map:    28.01 kB[22m
[2mstorybook-static/[22m[2massets/[22m[36miframe-4a146142.js                           [39m[1m[2m 10.09 kB[22m[1m[22m[2m │ gzip:   2.08 kB[22m[2m │ map:     8.59 kB[22m
[2mstorybook-static/[22m[2massets/[22m[36mGlobalScrollAreaStyles-XIHNDKUY-32380669.js  [39m[1m[2m 10.46 kB[22m[1m[22m[2m │ gzip:   2.37 kB[22m[2m │ map:    16.98 kB[22m
[2mstorybook-static/[22m[2massets/[22m[36mpreview-0b573777.js                          [39m[1m[2m 21.08 kB[22m[1m[22m[2m │ gzip:   7.00 kB[22m[2m │ map:    68.03 kB[22m
[2mstorybook-static/[22m[2massets/[22m[36mchunk-4NMOSTKD-052c8761.js                   [39m[1m[2m 21.63 kB[22m[1m[22m[2m │ gzip:   7.23 kB[22m[2m │ map:    49.49 kB[22m
[2mstorybook-static/[22m[2massets/[22m[36mColor-3YIJY6X7-adc259e9.js                   [39m[1m[2m 30.89 kB[22m[1m[22m[2m │ gzip:  11.73 kB[22m[2m │ map:   114.89 kB[22m
[2mstorybook-static/[22m[2massets/[22m[36mindex-8be26cfa.js                            [39m[1m[2m 36.70 kB[22m[1m[22m[2m │ gzip:  12.97 kB[22m[2m │ map:   139.91 kB[22m
[2mstorybook-static/[22m[2massets/[22m[36mOverlayScrollbars-VAV6LJAB-8a7d3932.js       [39m[1m[2m 58.96 kB[22m[1m[22m[2m │ gzip:  25.34 kB[22m[2m │ map:   286.96 kB[22m
[2mstorybook-static/[22m[2massets/[22m[36mindex-93e63d19.js                            [39m[1m[2m 78.37 kB[22m[1m[22m[2m │ gzip:  23.49 kB[22m[2m │ map:   317.84 kB[22m
[2mstorybook-static/[22m[2massets/[22m[36mindex-65cb5be0.js                            [39m[1m[2m142.28 kB[22m[1m[22m[2m │ gzip:  45.67 kB[22m[2m │ map:   344.55 kB[22m
[2mstorybook-static/[22m[2massets/[22m[36mconfig-4c55edb4.js                           [39m[1m[2m213.90 kB[22m[1m[22m[2m │ gzip:  66.62 kB[22m[2m │ map:   806.67 kB[22m
[2mstorybook-static/[22m[2massets/[22m[36mchunk-PCJTTTQV-94af624d.js                   [39m[1m[2m480.09 kB[22m[1m[22m[2m │ gzip: 158.70 kB[22m[2m │ map: 1,401.18 kB[22m
[2mstorybook-static/[22m[2massets/[22m[36maxe-065a2762.js                              [39m[1m[2m482.71 kB[22m[1m[22m[2m │ gzip: 127.37 kB[22m[2m │ map: 1,711.49 kB[22m
[2mstorybook-static/[22m[2massets/[22m[36mformatter-S4K5WUZV-49d90cb5.js               [39m[1m[33m601.70 kB[39m[22m[2m │ gzip: 185.08 kB[22m[2m │ map: 1,314.27 kB[22m
[33m
(!) Some chunks are larger than 500 kBs after minification. Consider:
- Using dynamic import() to code-split the application
- Use build.rollupOptions.output.manualChunks to improve chunking: https://rollupjs.org/configuration-options/#output-manualchunks
- Adjust chunk size limit for this warning via build.chunkSizeWarningLimit.[39m
[32m✓ built in 45.25s[39m
info => Output directory: /home/runner/work/ignite_designsystem/ignite_designsystem/packages/docs/storybook-static

attention => Storybook now collects completely anonymous telemetry regarding usage.
This information is used to shape Storybook's roadmap and prioritize features.
You can learn more, including how to opt-out if you'd not like to participate in this anonymous program, by visiting the following URL:
https://storybook.js.org/telemetry

